2023-03-26 16:25:13,370 - DEBUG - Checking if 0 is positive.
2023-03-26 16:25:13,371 - ERROR - Error! Number 0 is negative!
2023-03-26 16:25:13,372 - DEBUG - Checking if 0 is positive.
2023-03-26 16:25:13,372 - ERROR - Error! Number 0 is negative!
2023-03-26 16:25:13,372 - DEBUG - Checking if 29950 is positive.
2023-03-26 16:25:13,373 - INFO - 29950 is positive?
2023-03-26 16:25:13,374 - DEBUG - Checking if 0 is positive.
2023-03-26 16:25:13,374 - ERROR - Error! Number 0 is negative!
2023-03-26 16:25:13,374 - DEBUG - Checking if 0 is positive.
2023-03-26 16:25:13,374 - ERROR - Error! Number 0 is negative!
2023-03-26 16:25:13,375 - DEBUG - Checking if 4507 is positive.
2023-03-26 16:25:13,375 - INFO - 4507 is positive?
2023-03-26 16:25:13,375 - DEBUG - Checking if 0 is positive.
2023-03-26 16:25:13,375 - ERROR - Error! Number 0 is negative!
2023-03-26 16:25:13,375 - DEBUG - Checking if 0 is positive.
2023-03-26 16:25:13,375 - ERROR - Error! Number 0 is negative!
2023-03-26 16:25:13,375 - DEBUG - Checking if 0 is positive.
2023-03-26 16:25:13,376 - ERROR - Error! Number 0 is negative!
2023-03-26 16:25:13,376 - DEBUG - Checking if 0 is positive.
2023-03-26 16:25:13,376 - ERROR - Error! Number 0 is negative!
2023-03-26 16:25:13,376 - DEBUG - Checking if 0 is positive.
2023-03-26 16:25:13,376 - ERROR - Error! Number 0 is negative!
2023-03-26 16:25:13,376 - DEBUG - Checking if 21397 is positive.
2023-03-26 16:25:13,376 - INFO - 21397 is positive?
2023-03-26 16:25:13,376 - DEBUG - Checking if 0 is positive.
2023-03-26 16:25:13,376 - ERROR - Error! Number 0 is negative!
2023-03-26 16:25:13,377 - DEBUG - Checking if 0 is positive.
2023-03-26 16:25:13,377 - ERROR - Error! Number 0 is negative!
2023-03-26 16:25:13,377 - DEBUG - Checking if 0 is positive.
2023-03-26 16:25:13,377 - ERROR - Error! Number 0 is negative!
2023-03-26 16:25:13,377 - DEBUG - Checking if 0 is positive.
2023-03-26 16:25:13,377 - ERROR - Error! Number 0 is negative!
2023-03-26 16:25:13,377 - DEBUG - Checking if 0 is positive.
2023-03-26 16:25:13,377 - ERROR - Error! Number 0 is negative!
2023-03-26 16:25:13,377 - DEBUG - Checking if 0 is positive.
2023-03-26 16:25:13,377 - ERROR - Error! Number 0 is negative!
2023-03-26 16:25:13,377 - DEBUG - Checking if 0 is positive.
2023-03-26 16:25:13,378 - ERROR - Error! Number 0 is negative!
2023-03-26 16:25:13,378 - DEBUG - Checking if 0 is positive.
2023-03-26 16:25:13,378 - ERROR - Error! Number 0 is negative!
2023-03-26 16:25:13,378 - DEBUG - Checking if 0 is positive.
2023-03-26 16:25:13,378 - ERROR - Error! Number 0 is negative!
2023-03-26 16:25:13,378 - DEBUG - Checking if 0 is positive.
2023-03-26 16:25:13,378 - ERROR - Error! Number 0 is negative!
2023-03-26 16:25:13,378 - DEBUG - Checking if 0 is positive.
2023-03-26 16:25:13,378 - ERROR - Error! Number 0 is negative!
2023-03-26 16:25:13,378 - DEBUG - Checking if 0 is positive.
2023-03-26 16:25:13,378 - ERROR - Error! Number 0 is negative!
2023-03-26 16:25:13,379 - DEBUG - Checking if 0 is positive.
2023-03-26 16:25:13,379 - ERROR - Error! Number 0 is negative!
2023-03-26 16:25:13,379 - DEBUG - Checking if 0 is positive.
2023-03-26 16:25:13,379 - ERROR - Error! Number 0 is negative!
2023-03-26 16:25:13,379 - DEBUG - Checking if 0 is positive.
2023-03-26 16:25:13,379 - ERROR - Error! Number 0 is negative!
2023-03-26 16:25:13,379 - DEBUG - Checking if 0 is positive.
2023-03-26 16:25:13,379 - ERROR - Error! Number 0 is negative!
2023-03-26 16:25:13,379 - DEBUG - Checking if 0 is positive.
2023-03-26 16:25:13,379 - ERROR - Error! Number 0 is negative!
2023-03-26 16:25:13,379 - DEBUG - Checking if 0 is positive.
2023-03-26 16:25:13,380 - ERROR - Error! Number 0 is negative!
2023-03-26 16:25:13,380 - DEBUG - Checking if 0 is positive.
2023-03-26 16:25:13,380 - ERROR - Error! Number 0 is negative!
2023-03-26 16:25:13,380 - DEBUG - Checking if 0 is positive.
2023-03-26 16:25:13,380 - ERROR - Error! Number 0 is negative!
2023-03-26 16:25:13,380 - DEBUG - Checking if 0 is positive.
2023-03-26 16:25:13,380 - ERROR - Error! Number 0 is negative!
2023-03-26 16:25:13,380 - DEBUG - Checking if 0 is positive.
2023-03-26 16:25:13,380 - ERROR - Error! Number 0 is negative!
2023-03-26 16:25:13,380 - DEBUG - Checking if 0 is positive.
2023-03-26 16:25:13,380 - ERROR - Error! Number 0 is negative!
2023-03-26 16:25:13,381 - DEBUG - Checking if 0 is positive.
2023-03-26 16:25:13,381 - ERROR - Error! Number 0 is negative!
2023-03-26 16:25:13,381 - DEBUG - Checking if 0 is positive.
2023-03-26 16:25:13,381 - ERROR - Error! Number 0 is negative!
2023-03-26 16:25:13,381 - DEBUG - Checking if 0 is positive.
2023-03-26 16:25:13,381 - ERROR - Error! Number 0 is negative!
2023-03-26 16:25:13,381 - DEBUG - Checking if 0 is positive.
2023-03-26 16:25:13,381 - ERROR - Error! Number 0 is negative!
2023-03-26 16:25:13,381 - DEBUG - Checking if 0 is positive.
2023-03-26 16:25:13,382 - ERROR - Error! Number 0 is negative!
2023-03-26 16:25:13,382 - DEBUG - Checking if 0 is positive.
2023-03-26 16:25:13,382 - ERROR - Error! Number 0 is negative!
2023-03-26 16:25:13,382 - DEBUG - Checking if 0 is positive.
2023-03-26 16:25:13,382 - ERROR - Error! Number 0 is negative!
2023-03-26 16:25:13,382 - DEBUG - Checking if 0 is positive.
2023-03-26 16:25:13,382 - ERROR - Error! Number 0 is negative!
2023-03-26 16:25:13,382 - DEBUG - Checking if 0 is positive.
2023-03-26 16:25:13,382 - ERROR - Error! Number 0 is negative!
2023-03-26 16:25:13,382 - DEBUG - Checking if 0 is positive.
2023-03-26 16:25:13,382 - ERROR - Error! Number 0 is negative!
2023-03-26 16:25:13,383 - DEBUG - Checking if 0 is positive.
2023-03-26 16:25:13,383 - ERROR - Error! Number 0 is negative!
2023-03-26 16:25:13,383 - DEBUG - Checking if 0 is positive.
2023-03-26 16:25:13,383 - ERROR - Error! Number 0 is negative!
2023-03-26 16:25:13,383 - DEBUG - Checking if 0 is positive.
2023-03-26 16:25:13,383 - ERROR - Error! Number 0 is negative!
2023-03-26 16:25:13,383 - DEBUG - Checking if 0 is positive.
2023-03-26 16:25:13,383 - ERROR - Error! Number 0 is negative!
2023-03-26 16:25:13,383 - DEBUG - Checking if 0 is positive.
2023-03-26 16:25:13,383 - ERROR - Error! Number 0 is negative!
2023-03-26 16:25:13,383 - DEBUG - Checking if 0 is positive.
2023-03-26 16:25:13,384 - ERROR - Error! Number 0 is negative!
2023-03-26 16:25:13,384 - DEBUG - Checking if 0 is positive.
2023-03-26 16:25:13,384 - ERROR - Error! Number 0 is negative!
2023-03-26 16:25:13,384 - DEBUG - Checking if 0 is positive.
2023-03-26 16:25:13,384 - ERROR - Error! Number 0 is negative!
2023-03-26 16:25:13,384 - DEBUG - Checking if 0 is positive.
2023-03-26 16:25:13,384 - ERROR - Error! Number 0 is negative!
2023-03-26 16:25:13,384 - DEBUG - Checking if 0 is positive.
2023-03-26 16:25:13,384 - ERROR - Error! Number 0 is negative!
2023-03-26 16:25:13,384 - DEBUG - Checking if 0 is positive.
2023-03-26 16:25:13,384 - ERROR - Error! Number 0 is negative!
2023-03-26 16:25:13,385 - DEBUG - Checking if 0 is positive.
2023-03-26 16:25:13,385 - ERROR - Error! Number 0 is negative!
2023-03-26 16:25:13,385 - DEBUG - Checking if 0 is positive.
2023-03-26 16:25:13,385 - ERROR - Error! Number 0 is negative!
2023-03-26 16:25:13,385 - DEBUG - Checking if 0 is positive.
2023-03-26 16:25:13,385 - ERROR - Error! Number 0 is negative!
2023-03-26 16:25:13,385 - DEBUG - Checking if 0 is positive.
2023-03-26 16:25:13,385 - ERROR - Error! Number 0 is negative!
2023-03-26 16:25:13,385 - DEBUG - Checking if 0 is positive.
2023-03-26 16:25:13,385 - ERROR - Error! Number 0 is negative!
2023-03-26 16:25:13,385 - DEBUG - Checking if 0 is positive.
2023-03-26 16:25:13,385 - ERROR - Error! Number 0 is negative!
2023-03-26 16:25:13,386 - DEBUG - Checking if 0 is positive.
2023-03-26 16:25:13,386 - ERROR - Error! Number 0 is negative!
2023-03-26 16:25:13,386 - DEBUG - Checking if 0 is positive.
2023-03-26 16:25:13,386 - ERROR - Error! Number 0 is negative!
2023-03-26 16:25:13,386 - DEBUG - Checking if 0 is positive.
2023-03-26 16:25:13,386 - ERROR - Error! Number 0 is negative!
2023-03-26 16:25:13,386 - DEBUG - Checking if 0 is positive.
2023-03-26 16:25:13,386 - ERROR - Error! Number 0 is negative!
2023-03-26 16:25:13,386 - DEBUG - Checking if 0 is positive.
2023-03-26 16:25:13,386 - ERROR - Error! Number 0 is negative!
2023-03-26 16:25:13,387 - DEBUG - Checking if 0 is positive.
2023-03-26 16:25:13,387 - ERROR - Error! Number 0 is negative!
2023-03-26 16:25:13,387 - DEBUG - Checking if 0 is positive.
2023-03-26 16:25:13,387 - ERROR - Error! Number 0 is negative!
2023-03-26 16:25:13,387 - DEBUG - Checking if 0 is positive.
2023-03-26 16:25:13,387 - ERROR - Error! Number 0 is negative!
2023-03-26 16:25:13,387 - DEBUG - Checking if 0 is positive.
2023-03-26 16:25:13,387 - ERROR - Error! Number 0 is negative!
2023-03-26 16:25:13,387 - DEBUG - Checking if 0 is positive.
2023-03-26 16:25:13,387 - ERROR - Error! Number 0 is negative!
2023-03-26 16:25:13,388 - DEBUG - Checking if 0 is positive.
2023-03-26 16:25:13,388 - ERROR - Error! Number 0 is negative!
2023-03-26 16:25:13,388 - DEBUG - Checking if 0 is positive.
2023-03-26 16:25:13,388 - ERROR - Error! Number 0 is negative!
2023-03-26 16:25:13,388 - DEBUG - Checking if 0 is positive.
2023-03-26 16:25:13,388 - ERROR - Error! Number 0 is negative!
2023-03-26 16:25:13,389 - DEBUG - Checking if 0 is positive.
2023-03-26 16:25:13,389 - ERROR - Error! Number 0 is negative!
2023-03-26 16:25:13,389 - DEBUG - Checking if 0 is positive.
2023-03-26 16:25:13,389 - ERROR - Error! Number 0 is negative!
2023-03-26 16:25:13,389 - DEBUG - Checking if 0 is positive.
2023-03-26 16:25:13,389 - ERROR - Error! Number 0 is negative!
2023-03-26 16:25:13,390 - DEBUG - Checking if 0 is positive.
2023-03-26 16:25:13,390 - ERROR - Error! Number 0 is negative!
2023-03-26 16:25:13,390 - DEBUG - Checking if 0 is positive.
2023-03-26 16:25:13,390 - ERROR - Error! Number 0 is negative!
2023-03-26 16:25:13,390 - DEBUG - Checking if 0 is positive.
2023-03-26 16:25:13,390 - ERROR - Error! Number 0 is negative!
2023-03-26 16:25:13,390 - DEBUG - Checking if 0 is positive.
2023-03-26 16:25:13,390 - ERROR - Error! Number 0 is negative!
2023-03-26 16:25:13,390 - DEBUG - Checking if 0 is positive.
2023-03-26 16:25:13,390 - ERROR - Error! Number 0 is negative!
2023-03-26 16:25:13,390 - DEBUG - Checking if 0 is positive.
2023-03-26 16:25:13,390 - ERROR - Error! Number 0 is negative!
2023-03-26 16:25:13,391 - DEBUG - Checking if 0 is positive.
2023-03-26 16:25:13,391 - ERROR - Error! Number 0 is negative!
2023-03-26 16:25:13,391 - DEBUG - Checking if 0 is positive.
2023-03-26 16:25:13,391 - ERROR - Error! Number 0 is negative!
2023-03-26 16:25:13,391 - DEBUG - Checking if 0 is positive.
2023-03-26 16:25:13,391 - ERROR - Error! Number 0 is negative!
2023-03-26 16:25:13,391 - DEBUG - Checking if 0 is positive.
2023-03-26 16:25:13,391 - ERROR - Error! Number 0 is negative!
2023-03-26 16:25:13,391 - DEBUG - Checking if 0 is positive.
2023-03-26 16:25:13,391 - ERROR - Error! Number 0 is negative!
2023-03-26 16:25:13,391 - DEBUG - Checking if 0 is positive.
2023-03-26 16:25:13,391 - ERROR - Error! Number 0 is negative!
2023-03-26 16:25:13,392 - DEBUG - Checking if 0 is positive.
2023-03-26 16:25:13,392 - ERROR - Error! Number 0 is negative!
2023-03-26 16:25:13,392 - DEBUG - Checking if 0 is positive.
2023-03-26 16:25:13,392 - ERROR - Error! Number 0 is negative!
2023-03-26 16:25:13,392 - DEBUG - Checking if 0 is positive.
2023-03-26 16:25:13,392 - ERROR - Error! Number 0 is negative!
2023-03-26 16:25:13,392 - DEBUG - Checking if 0 is positive.
2023-03-26 16:25:13,392 - ERROR - Error! Number 0 is negative!
2023-03-26 16:25:13,392 - DEBUG - Checking if 0 is positive.
2023-03-26 16:25:13,392 - ERROR - Error! Number 0 is negative!
2023-03-26 16:25:13,392 - DEBUG - Checking if 0 is positive.
2023-03-26 16:25:13,392 - ERROR - Error! Number 0 is negative!
2023-03-26 16:25:13,393 - DEBUG - Checking if 0 is positive.
2023-03-26 16:25:13,393 - ERROR - Error! Number 0 is negative!
2023-03-26 16:25:13,393 - DEBUG - Checking if 0 is positive.
2023-03-26 16:25:13,393 - ERROR - Error! Number 0 is negative!
2023-03-26 16:25:13,393 - DEBUG - Checking if 0 is positive.
2023-03-26 16:25:13,393 - ERROR - Error! Number 0 is negative!
2023-03-26 16:25:13,393 - DEBUG - Checking if 0 is positive.
2023-03-26 16:25:13,393 - ERROR - Error! Number 0 is negative!
2023-03-26 16:25:57,386 - DEBUG - Checking if 0 is positive.
2023-03-26 16:25:57,388 - ERROR - Error! Number 0 is zero!
2023-03-26 16:25:57,388 - DEBUG - Checking if 0 is positive.
2023-03-26 16:25:57,388 - ERROR - Error! Number 0 is zero!
2023-03-26 16:25:57,389 - DEBUG - Checking if 29950 is positive.
2023-03-26 16:25:57,389 - INFO - 29950 is positive?
2023-03-26 16:25:57,389 - DEBUG - Checking if 0 is positive.
2023-03-26 16:25:57,389 - ERROR - Error! Number 0 is zero!
2023-03-26 16:25:57,389 - DEBUG - Checking if 0 is positive.
2023-03-26 16:25:57,389 - ERROR - Error! Number 0 is zero!
2023-03-26 16:25:57,389 - DEBUG - Checking if 4507 is positive.
2023-03-26 16:25:57,389 - INFO - 4507 is positive?
2023-03-26 16:25:57,389 - DEBUG - Checking if 0 is positive.
2023-03-26 16:25:57,389 - ERROR - Error! Number 0 is zero!
2023-03-26 16:25:57,389 - DEBUG - Checking if 0 is positive.
2023-03-26 16:25:57,389 - ERROR - Error! Number 0 is zero!
2023-03-26 16:25:57,389 - DEBUG - Checking if 0 is positive.
2023-03-26 16:25:57,389 - ERROR - Error! Number 0 is zero!
2023-03-26 16:25:57,389 - DEBUG - Checking if 0 is positive.
2023-03-26 16:25:57,390 - ERROR - Error! Number 0 is zero!
2023-03-26 16:25:57,390 - DEBUG - Checking if 0 is positive.
2023-03-26 16:25:57,390 - ERROR - Error! Number 0 is zero!
2023-03-26 16:25:57,390 - DEBUG - Checking if 21397 is positive.
2023-03-26 16:25:57,390 - INFO - 21397 is positive?
2023-03-26 16:25:57,390 - DEBUG - Checking if 0 is positive.
2023-03-26 16:25:57,390 - ERROR - Error! Number 0 is zero!
2023-03-26 16:25:57,390 - DEBUG - Checking if 0 is positive.
2023-03-26 16:25:57,390 - ERROR - Error! Number 0 is zero!
2023-03-26 16:25:57,390 - DEBUG - Checking if 0 is positive.
2023-03-26 16:25:57,390 - ERROR - Error! Number 0 is zero!
2023-03-26 16:25:57,391 - DEBUG - Checking if 0 is positive.
2023-03-26 16:25:57,391 - ERROR - Error! Number 0 is zero!
2023-03-26 16:25:57,391 - DEBUG - Checking if 0 is positive.
2023-03-26 16:25:57,391 - ERROR - Error! Number 0 is zero!
2023-03-26 16:25:57,391 - DEBUG - Checking if 0 is positive.
2023-03-26 16:25:57,391 - ERROR - Error! Number 0 is zero!
2023-03-26 16:25:57,391 - DEBUG - Checking if 0 is positive.
2023-03-26 16:25:57,391 - ERROR - Error! Number 0 is zero!
2023-03-26 16:25:57,391 - DEBUG - Checking if 0 is positive.
2023-03-26 16:25:57,391 - ERROR - Error! Number 0 is zero!
2023-03-26 16:25:57,391 - DEBUG - Checking if 0 is positive.
2023-03-26 16:25:57,391 - ERROR - Error! Number 0 is zero!
2023-03-26 16:25:57,391 - DEBUG - Checking if 0 is positive.
2023-03-26 16:25:57,392 - ERROR - Error! Number 0 is zero!
2023-03-26 16:25:57,392 - DEBUG - Checking if 0 is positive.
2023-03-26 16:25:57,392 - ERROR - Error! Number 0 is zero!
2023-03-26 16:25:57,392 - DEBUG - Checking if 0 is positive.
2023-03-26 16:25:57,392 - ERROR - Error! Number 0 is zero!
2023-03-26 16:25:57,392 - DEBUG - Checking if 0 is positive.
2023-03-26 16:25:57,393 - ERROR - Error! Number 0 is zero!
2023-03-26 16:25:57,393 - DEBUG - Checking if 0 is positive.
2023-03-26 16:25:57,393 - ERROR - Error! Number 0 is zero!
2023-03-26 16:25:57,393 - DEBUG - Checking if 0 is positive.
2023-03-26 16:25:57,393 - ERROR - Error! Number 0 is zero!
2023-03-26 16:25:57,394 - DEBUG - Checking if 0 is positive.
2023-03-26 16:25:57,394 - ERROR - Error! Number 0 is zero!
2023-03-26 16:25:57,394 - DEBUG - Checking if 0 is positive.
2023-03-26 16:25:57,394 - ERROR - Error! Number 0 is zero!
2023-03-26 16:25:57,394 - DEBUG - Checking if 0 is positive.
2023-03-26 16:25:57,394 - ERROR - Error! Number 0 is zero!
2023-03-26 16:25:57,394 - DEBUG - Checking if 0 is positive.
2023-03-26 16:25:57,394 - ERROR - Error! Number 0 is zero!
2023-03-26 16:25:57,394 - DEBUG - Checking if 0 is positive.
2023-03-26 16:25:57,395 - ERROR - Error! Number 0 is zero!
2023-03-26 16:25:57,395 - DEBUG - Checking if 0 is positive.
2023-03-26 16:25:57,395 - ERROR - Error! Number 0 is zero!
2023-03-26 16:25:57,395 - DEBUG - Checking if 0 is positive.
2023-03-26 16:25:57,395 - ERROR - Error! Number 0 is zero!
2023-03-26 16:25:57,395 - DEBUG - Checking if 0 is positive.
2023-03-26 16:25:57,395 - ERROR - Error! Number 0 is zero!
2023-03-26 16:25:57,395 - DEBUG - Checking if 0 is positive.
2023-03-26 16:25:57,395 - ERROR - Error! Number 0 is zero!
2023-03-26 16:25:57,395 - DEBUG - Checking if 0 is positive.
2023-03-26 16:25:57,395 - ERROR - Error! Number 0 is zero!
2023-03-26 16:25:57,395 - DEBUG - Checking if 0 is positive.
2023-03-26 16:25:57,395 - ERROR - Error! Number 0 is zero!
2023-03-26 16:25:57,395 - DEBUG - Checking if 0 is positive.
2023-03-26 16:25:57,395 - ERROR - Error! Number 0 is zero!
2023-03-26 16:25:57,395 - DEBUG - Checking if 0 is positive.
2023-03-26 16:25:57,395 - ERROR - Error! Number 0 is zero!
2023-03-26 16:25:57,395 - DEBUG - Checking if 0 is positive.
2023-03-26 16:25:57,396 - ERROR - Error! Number 0 is zero!
2023-03-26 16:25:57,396 - DEBUG - Checking if 0 is positive.
2023-03-26 16:25:57,396 - ERROR - Error! Number 0 is zero!
2023-03-26 16:25:57,396 - DEBUG - Checking if 0 is positive.
2023-03-26 16:25:57,396 - ERROR - Error! Number 0 is zero!
2023-03-26 16:25:57,396 - DEBUG - Checking if 0 is positive.
2023-03-26 16:25:57,396 - ERROR - Error! Number 0 is zero!
2023-03-26 16:25:57,396 - DEBUG - Checking if 0 is positive.
2023-03-26 16:25:57,396 - ERROR - Error! Number 0 is zero!
2023-03-26 16:25:57,396 - DEBUG - Checking if 0 is positive.
2023-03-26 16:25:57,396 - ERROR - Error! Number 0 is zero!
2023-03-26 16:25:57,397 - DEBUG - Checking if 0 is positive.
2023-03-26 16:25:57,397 - ERROR - Error! Number 0 is zero!
2023-03-26 16:25:57,397 - DEBUG - Checking if 0 is positive.
2023-03-26 16:25:57,397 - ERROR - Error! Number 0 is zero!
2023-03-26 16:25:57,397 - DEBUG - Checking if 0 is positive.
2023-03-26 16:25:57,397 - ERROR - Error! Number 0 is zero!
2023-03-26 16:25:57,397 - DEBUG - Checking if 0 is positive.
2023-03-26 16:25:57,397 - ERROR - Error! Number 0 is zero!
2023-03-26 16:25:57,397 - DEBUG - Checking if 0 is positive.
2023-03-26 16:25:57,397 - ERROR - Error! Number 0 is zero!
2023-03-26 16:25:57,397 - DEBUG - Checking if 0 is positive.
2023-03-26 16:25:57,397 - ERROR - Error! Number 0 is zero!
2023-03-26 16:25:57,398 - DEBUG - Checking if 0 is positive.
2023-03-26 16:25:57,398 - ERROR - Error! Number 0 is zero!
2023-03-26 16:25:57,398 - DEBUG - Checking if 0 is positive.
2023-03-26 16:25:57,398 - ERROR - Error! Number 0 is zero!
2023-03-26 16:25:57,398 - DEBUG - Checking if 0 is positive.
2023-03-26 16:25:57,398 - ERROR - Error! Number 0 is zero!
2023-03-26 16:25:57,398 - DEBUG - Checking if 0 is positive.
2023-03-26 16:25:57,398 - ERROR - Error! Number 0 is zero!
2023-03-26 16:25:57,398 - DEBUG - Checking if 0 is positive.
2023-03-26 16:25:57,398 - ERROR - Error! Number 0 is zero!
2023-03-26 16:25:57,398 - DEBUG - Checking if 0 is positive.
2023-03-26 16:25:57,398 - ERROR - Error! Number 0 is zero!
2023-03-26 16:25:57,399 - DEBUG - Checking if 0 is positive.
2023-03-26 16:25:57,399 - ERROR - Error! Number 0 is zero!
2023-03-26 16:25:57,399 - DEBUG - Checking if 0 is positive.
2023-03-26 16:25:57,399 - ERROR - Error! Number 0 is zero!
2023-03-26 16:25:57,399 - DEBUG - Checking if 0 is positive.
2023-03-26 16:25:57,399 - ERROR - Error! Number 0 is zero!
2023-03-26 16:25:57,399 - DEBUG - Checking if 0 is positive.
2023-03-26 16:25:57,399 - ERROR - Error! Number 0 is zero!
2023-03-26 16:25:57,399 - DEBUG - Checking if 0 is positive.
2023-03-26 16:25:57,399 - ERROR - Error! Number 0 is zero!
2023-03-26 16:25:57,399 - DEBUG - Checking if 0 is positive.
2023-03-26 16:25:57,399 - ERROR - Error! Number 0 is zero!
2023-03-26 16:25:57,399 - DEBUG - Checking if 0 is positive.
2023-03-26 16:25:57,400 - ERROR - Error! Number 0 is zero!
2023-03-26 16:25:57,400 - DEBUG - Checking if 0 is positive.
2023-03-26 16:25:57,400 - ERROR - Error! Number 0 is zero!
2023-03-26 16:25:57,400 - DEBUG - Checking if 0 is positive.
2023-03-26 16:25:57,400 - ERROR - Error! Number 0 is zero!
2023-03-26 16:25:57,400 - DEBUG - Checking if 0 is positive.
2023-03-26 16:25:57,400 - ERROR - Error! Number 0 is zero!
2023-03-26 16:25:57,400 - DEBUG - Checking if 0 is positive.
2023-03-26 16:25:57,400 - ERROR - Error! Number 0 is zero!
2023-03-26 16:25:57,400 - DEBUG - Checking if 0 is positive.
2023-03-26 16:25:57,400 - ERROR - Error! Number 0 is zero!
2023-03-26 16:25:57,401 - DEBUG - Checking if 0 is positive.
2023-03-26 16:25:57,401 - ERROR - Error! Number 0 is zero!
2023-03-26 16:25:57,401 - DEBUG - Checking if 0 is positive.
2023-03-26 16:25:57,401 - ERROR - Error! Number 0 is zero!
2023-03-26 16:25:57,401 - DEBUG - Checking if 0 is positive.
2023-03-26 16:25:57,401 - ERROR - Error! Number 0 is zero!
2023-03-26 16:25:57,401 - DEBUG - Checking if 0 is positive.
2023-03-26 16:25:57,401 - ERROR - Error! Number 0 is zero!
2023-03-26 16:25:57,401 - DEBUG - Checking if 0 is positive.
2023-03-26 16:25:57,401 - ERROR - Error! Number 0 is zero!
2023-03-26 16:25:57,402 - DEBUG - Checking if 0 is positive.
2023-03-26 16:25:57,402 - ERROR - Error! Number 0 is zero!
2023-03-26 16:25:57,402 - DEBUG - Checking if 0 is positive.
2023-03-26 16:25:57,402 - ERROR - Error! Number 0 is zero!
2023-03-26 16:25:57,403 - DEBUG - Checking if 0 is positive.
2023-03-26 16:25:57,403 - ERROR - Error! Number 0 is zero!
2023-03-26 16:25:57,403 - DEBUG - Checking if 0 is positive.
2023-03-26 16:25:57,403 - ERROR - Error! Number 0 is zero!
2023-03-26 16:25:57,404 - DEBUG - Checking if 0 is positive.
2023-03-26 16:25:57,404 - ERROR - Error! Number 0 is zero!
2023-03-26 16:25:57,404 - DEBUG - Checking if 0 is positive.
2023-03-26 16:25:57,404 - ERROR - Error! Number 0 is zero!
2023-03-26 16:25:57,404 - DEBUG - Checking if 0 is positive.
2023-03-26 16:25:57,405 - ERROR - Error! Number 0 is zero!
2023-03-26 16:25:57,405 - DEBUG - Checking if 0 is positive.
2023-03-26 16:25:57,405 - ERROR - Error! Number 0 is zero!
2023-03-26 16:25:57,405 - DEBUG - Checking if 0 is positive.
2023-03-26 16:25:57,405 - ERROR - Error! Number 0 is zero!
2023-03-26 16:25:57,405 - DEBUG - Checking if 0 is positive.
2023-03-26 16:25:57,405 - ERROR - Error! Number 0 is zero!
2023-03-26 16:25:57,405 - DEBUG - Checking if 0 is positive.
2023-03-26 16:25:57,405 - ERROR - Error! Number 0 is zero!
2023-03-26 16:25:57,405 - DEBUG - Checking if 0 is positive.
2023-03-26 16:25:57,405 - ERROR - Error! Number 0 is zero!
2023-03-26 16:25:57,405 - DEBUG - Checking if 0 is positive.
2023-03-26 16:25:57,405 - ERROR - Error! Number 0 is zero!
2023-03-26 16:25:57,405 - DEBUG - Checking if 0 is positive.
2023-03-26 16:25:57,405 - ERROR - Error! Number 0 is zero!
2023-03-26 16:25:57,405 - DEBUG - Checking if 0 is positive.
2023-03-26 16:25:57,406 - ERROR - Error! Number 0 is zero!
2023-03-26 16:25:57,406 - DEBUG - Checking if 0 is positive.
2023-03-26 16:25:57,406 - ERROR - Error! Number 0 is zero!
2023-03-26 16:25:57,406 - DEBUG - Checking if 0 is positive.
2023-03-26 16:25:57,406 - ERROR - Error! Number 0 is zero!
2023-03-26 16:25:57,406 - DEBUG - Checking if 0 is positive.
2023-03-26 16:25:57,406 - ERROR - Error! Number 0 is zero!
2023-03-26 16:25:57,406 - DEBUG - Checking if 0 is positive.
2023-03-26 16:25:57,406 - ERROR - Error! Number 0 is zero!
2023-03-26 16:25:57,406 - DEBUG - Checking if 0 is positive.
2023-03-26 16:25:57,406 - ERROR - Error! Number 0 is zero!
2023-03-26 16:25:57,406 - DEBUG - Checking if 0 is positive.
2023-03-26 16:25:57,406 - ERROR - Error! Number 0 is zero!
2023-03-26 16:25:57,406 - DEBUG - Checking if 0 is positive.
2023-03-26 16:25:57,406 - ERROR - Error! Number 0 is zero!
2023-03-26 16:25:57,406 - DEBUG - Checking if 0 is positive.
2023-03-26 16:25:57,406 - ERROR - Error! Number 0 is zero!
2023-03-26 16:25:57,406 - DEBUG - Checking if 0 is positive.
2023-03-26 16:25:57,406 - ERROR - Error! Number 0 is zero!
2023-03-26 16:25:57,407 - DEBUG - Checking if 0 is positive.
2023-03-26 16:25:57,407 - ERROR - Error! Number 0 is zero!
2023-04-03 10:34:27,650 - DEBUG - Checking if 0 is positive.
2023-04-03 10:34:27,684 - ERROR - Error! Number 0 is not positive!
2023-04-03 10:34:27,684 - DEBUG - Checking if 0 is positive.
2023-04-03 10:34:27,684 - ERROR - Error! Number 0 is not positive!
2023-04-03 10:34:27,684 - DEBUG - Checking if 29950 is positive.
2023-04-03 10:34:27,684 - INFO - 29950 is positive?
2023-04-03 10:34:27,684 - DEBUG - Checking if 0 is positive.
2023-04-03 10:34:27,684 - ERROR - Error! Number 0 is not positive!
2023-04-03 10:34:27,684 - DEBUG - Checking if 0 is positive.
2023-04-03 10:34:27,684 - ERROR - Error! Number 0 is not positive!
2023-04-03 10:34:27,684 - DEBUG - Checking if 4507 is positive.
2023-04-03 10:34:27,684 - INFO - 4507 is positive?
2023-04-03 10:34:27,684 - DEBUG - Checking if 0 is positive.
2023-04-03 10:34:27,684 - ERROR - Error! Number 0 is not positive!
2023-04-03 10:34:27,684 - DEBUG - Checking if 0 is positive.
2023-04-03 10:34:27,684 - ERROR - Error! Number 0 is not positive!
2023-04-03 10:34:27,684 - DEBUG - Checking if 0 is positive.
2023-04-03 10:34:27,684 - ERROR - Error! Number 0 is not positive!
2023-04-03 10:34:27,684 - DEBUG - Checking if 0 is positive.
2023-04-03 10:34:27,684 - ERROR - Error! Number 0 is not positive!
2023-04-03 10:34:27,684 - DEBUG - Checking if 0 is positive.
2023-04-03 10:34:27,684 - ERROR - Error! Number 0 is not positive!
2023-04-03 10:34:27,684 - DEBUG - Checking if 21397 is positive.
2023-04-03 10:34:27,684 - INFO - 21397 is positive?
2023-04-03 10:34:27,684 - DEBUG - Checking if 0 is positive.
2023-04-03 10:34:27,684 - ERROR - Error! Number 0 is not positive!
2023-04-03 10:34:27,684 - DEBUG - Checking if 0 is positive.
2023-04-03 10:34:27,684 - ERROR - Error! Number 0 is not positive!
2023-04-03 10:34:27,684 - DEBUG - Checking if 0 is positive.
2023-04-03 10:34:27,684 - ERROR - Error! Number 0 is not positive!
2023-04-03 10:34:27,684 - DEBUG - Checking if 0 is positive.
2023-04-03 10:34:27,684 - ERROR - Error! Number 0 is not positive!
2023-04-03 10:34:27,684 - DEBUG - Checking if 0 is positive.
2023-04-03 10:34:27,684 - ERROR - Error! Number 0 is not positive!
2023-04-03 10:34:27,684 - DEBUG - Checking if 0 is positive.
2023-04-03 10:34:27,684 - ERROR - Error! Number 0 is not positive!
2023-04-03 10:34:27,684 - DEBUG - Checking if 0 is positive.
2023-04-03 10:34:27,684 - ERROR - Error! Number 0 is not positive!
2023-04-03 10:34:27,684 - DEBUG - Checking if 0 is positive.
2023-04-03 10:34:27,684 - ERROR - Error! Number 0 is not positive!
2023-04-03 10:34:27,684 - DEBUG - Checking if 0 is positive.
2023-04-03 10:34:27,684 - ERROR - Error! Number 0 is not positive!
2023-04-03 10:34:27,684 - DEBUG - Checking if 0 is positive.
2023-04-03 10:34:27,684 - ERROR - Error! Number 0 is not positive!
2023-04-03 10:34:27,692 - DEBUG - Checking if 0 is positive.
2023-04-03 10:34:27,692 - ERROR - Error! Number 0 is not positive!
2023-04-03 10:34:27,692 - DEBUG - Checking if 0 is positive.
2023-04-03 10:34:27,692 - ERROR - Error! Number 0 is not positive!
2023-04-03 10:34:27,693 - DEBUG - Checking if 0 is positive.
2023-04-03 10:34:27,693 - ERROR - Error! Number 0 is not positive!
2023-04-03 10:34:27,693 - DEBUG - Checking if 0 is positive.
2023-04-03 10:34:27,693 - ERROR - Error! Number 0 is not positive!
2023-04-03 10:34:27,693 - DEBUG - Checking if 0 is positive.
2023-04-03 10:34:27,693 - ERROR - Error! Number 0 is not positive!
2023-04-03 10:34:27,693 - DEBUG - Checking if 0 is positive.
2023-04-03 10:34:27,693 - ERROR - Error! Number 0 is not positive!
2023-04-03 10:34:27,693 - DEBUG - Checking if 0 is positive.
2023-04-03 10:34:27,693 - ERROR - Error! Number 0 is not positive!
2023-04-03 10:34:27,693 - DEBUG - Checking if 0 is positive.
2023-04-03 10:34:27,693 - ERROR - Error! Number 0 is not positive!
2023-04-03 10:34:27,693 - DEBUG - Checking if 0 is positive.
2023-04-03 10:34:27,693 - ERROR - Error! Number 0 is not positive!
2023-04-03 10:34:27,693 - DEBUG - Checking if 0 is positive.
2023-04-03 10:34:27,693 - ERROR - Error! Number 0 is not positive!
2023-04-03 10:34:27,693 - DEBUG - Checking if 0 is positive.
2023-04-03 10:34:27,693 - ERROR - Error! Number 0 is not positive!
2023-04-03 10:34:27,693 - DEBUG - Checking if 0 is positive.
2023-04-03 10:34:27,693 - ERROR - Error! Number 0 is not positive!
2023-04-03 10:34:27,693 - DEBUG - Checking if 0 is positive.
2023-04-03 10:34:27,693 - ERROR - Error! Number 0 is not positive!
2023-04-03 10:34:27,693 - DEBUG - Checking if 0 is positive.
2023-04-03 10:34:27,693 - ERROR - Error! Number 0 is not positive!
2023-04-03 10:34:27,693 - DEBUG - Checking if 0 is positive.
2023-04-03 10:34:27,693 - ERROR - Error! Number 0 is not positive!
2023-04-03 10:34:27,700 - DEBUG - Checking if 0 is positive.
2023-04-03 10:34:27,700 - ERROR - Error! Number 0 is not positive!
2023-04-03 10:34:27,700 - DEBUG - Checking if 0 is positive.
2023-04-03 10:34:27,700 - ERROR - Error! Number 0 is not positive!
2023-04-03 10:34:27,700 - DEBUG - Checking if 0 is positive.
2023-04-03 10:34:27,700 - ERROR - Error! Number 0 is not positive!
2023-04-03 10:34:27,700 - DEBUG - Checking if 0 is positive.
2023-04-03 10:34:27,700 - ERROR - Error! Number 0 is not positive!
2023-04-03 10:34:27,700 - DEBUG - Checking if 0 is positive.
2023-04-03 10:34:27,700 - ERROR - Error! Number 0 is not positive!
2023-04-03 10:34:27,706 - DEBUG - Checking if 0 is positive.
2023-04-03 10:34:27,706 - ERROR - Error! Number 0 is not positive!
2023-04-03 10:34:27,706 - DEBUG - Checking if 0 is positive.
2023-04-03 10:34:27,707 - ERROR - Error! Number 0 is not positive!
2023-04-03 10:34:27,707 - DEBUG - Checking if 0 is positive.
2023-04-03 10:34:27,707 - ERROR - Error! Number 0 is not positive!
2023-04-03 10:34:27,707 - DEBUG - Checking if 0 is positive.
2023-04-03 10:34:27,708 - ERROR - Error! Number 0 is not positive!
2023-04-03 10:34:27,708 - DEBUG - Checking if 0 is positive.
2023-04-03 10:34:27,708 - ERROR - Error! Number 0 is not positive!
2023-04-03 10:34:27,708 - DEBUG - Checking if 0 is positive.
2023-04-03 10:34:27,709 - ERROR - Error! Number 0 is not positive!
2023-04-03 10:34:27,709 - DEBUG - Checking if 0 is positive.
2023-04-03 10:34:27,709 - ERROR - Error! Number 0 is not positive!
2023-04-03 10:34:27,709 - DEBUG - Checking if 0 is positive.
2023-04-03 10:34:27,710 - ERROR - Error! Number 0 is not positive!
2023-04-03 10:34:27,710 - DEBUG - Checking if 0 is positive.
2023-04-03 10:34:27,710 - ERROR - Error! Number 0 is not positive!
2023-04-03 10:34:27,710 - DEBUG - Checking if 0 is positive.
2023-04-03 10:34:27,710 - ERROR - Error! Number 0 is not positive!
2023-04-03 10:34:27,710 - DEBUG - Checking if 0 is positive.
2023-04-03 10:34:27,710 - ERROR - Error! Number 0 is not positive!
2023-04-03 10:34:27,710 - DEBUG - Checking if 0 is positive.
2023-04-03 10:34:27,710 - ERROR - Error! Number 0 is not positive!
2023-04-03 10:34:27,710 - DEBUG - Checking if 0 is positive.
2023-04-03 10:34:27,710 - ERROR - Error! Number 0 is not positive!
2023-04-03 10:34:27,710 - DEBUG - Checking if 0 is positive.
2023-04-03 10:34:27,710 - ERROR - Error! Number 0 is not positive!
2023-04-03 10:34:27,710 - DEBUG - Checking if 0 is positive.
2023-04-03 10:34:27,710 - ERROR - Error! Number 0 is not positive!
2023-04-03 10:34:27,710 - DEBUG - Checking if 0 is positive.
2023-04-03 10:34:27,710 - ERROR - Error! Number 0 is not positive!
2023-04-03 10:34:27,710 - DEBUG - Checking if 0 is positive.
2023-04-03 10:34:27,710 - ERROR - Error! Number 0 is not positive!
2023-04-03 10:34:27,710 - DEBUG - Checking if 0 is positive.
2023-04-03 10:34:27,710 - ERROR - Error! Number 0 is not positive!
2023-04-03 10:34:27,710 - DEBUG - Checking if 0 is positive.
2023-04-03 10:34:27,710 - ERROR - Error! Number 0 is not positive!
2023-04-03 10:34:27,710 - DEBUG - Checking if 0 is positive.
2023-04-03 10:34:27,710 - ERROR - Error! Number 0 is not positive!
2023-04-03 10:34:27,710 - DEBUG - Checking if 0 is positive.
2023-04-03 10:34:27,710 - ERROR - Error! Number 0 is not positive!
2023-04-03 10:34:27,710 - DEBUG - Checking if 0 is positive.
2023-04-03 10:34:27,710 - ERROR - Error! Number 0 is not positive!
2023-04-03 10:34:27,710 - DEBUG - Checking if 0 is positive.
2023-04-03 10:34:27,718 - ERROR - Error! Number 0 is not positive!
2023-04-03 10:34:27,719 - DEBUG - Checking if 0 is positive.
2023-04-03 10:34:27,719 - ERROR - Error! Number 0 is not positive!
2023-04-03 10:34:27,719 - DEBUG - Checking if 0 is positive.
2023-04-03 10:34:27,719 - ERROR - Error! Number 0 is not positive!
2023-04-03 10:34:27,719 - DEBUG - Checking if 0 is positive.
2023-04-03 10:34:27,719 - ERROR - Error! Number 0 is not positive!
2023-04-03 10:34:27,719 - DEBUG - Checking if 0 is positive.
2023-04-03 10:34:27,719 - ERROR - Error! Number 0 is not positive!
2023-04-03 10:34:27,719 - DEBUG - Checking if 0 is positive.
2023-04-03 10:34:27,719 - ERROR - Error! Number 0 is not positive!
2023-04-03 10:34:27,719 - DEBUG - Checking if 0 is positive.
2023-04-03 10:34:27,719 - ERROR - Error! Number 0 is not positive!
2023-04-03 10:34:27,719 - DEBUG - Checking if 0 is positive.
2023-04-03 10:34:27,719 - ERROR - Error! Number 0 is not positive!
2023-04-03 10:34:27,719 - DEBUG - Checking if 0 is positive.
2023-04-03 10:34:27,719 - ERROR - Error! Number 0 is not positive!
2023-04-03 10:34:27,719 - DEBUG - Checking if 0 is positive.
2023-04-03 10:34:27,719 - ERROR - Error! Number 0 is not positive!
2023-04-03 10:34:27,719 - DEBUG - Checking if 0 is positive.
2023-04-03 10:34:27,719 - ERROR - Error! Number 0 is not positive!
2023-04-03 10:34:27,719 - DEBUG - Checking if 0 is positive.
2023-04-03 10:34:27,719 - ERROR - Error! Number 0 is not positive!
2023-04-03 10:34:27,719 - DEBUG - Checking if 0 is positive.
2023-04-03 10:34:27,719 - ERROR - Error! Number 0 is not positive!
2023-04-03 10:34:27,719 - DEBUG - Checking if 0 is positive.
2023-04-03 10:34:27,719 - ERROR - Error! Number 0 is not positive!
2023-04-03 10:34:27,719 - DEBUG - Checking if 0 is positive.
2023-04-03 10:34:27,719 - ERROR - Error! Number 0 is not positive!
2023-04-03 10:34:27,719 - DEBUG - Checking if 0 is positive.
2023-04-03 10:34:27,719 - ERROR - Error! Number 0 is not positive!
2023-04-03 10:34:27,719 - DEBUG - Checking if 0 is positive.
2023-04-03 10:34:27,719 - ERROR - Error! Number 0 is not positive!
2023-04-03 10:34:27,719 - DEBUG - Checking if 0 is positive.
2023-04-03 10:34:27,719 - ERROR - Error! Number 0 is not positive!
2023-04-03 10:34:27,719 - DEBUG - Checking if 0 is positive.
2023-04-03 10:34:27,719 - ERROR - Error! Number 0 is not positive!
2023-04-03 10:34:27,719 - DEBUG - Checking if 0 is positive.
2023-04-03 10:34:27,719 - ERROR - Error! Number 0 is not positive!
2023-04-03 10:34:27,719 - DEBUG - Checking if 0 is positive.
2023-04-03 10:34:27,719 - ERROR - Error! Number 0 is not positive!
2023-04-03 10:34:27,719 - DEBUG - Checking if 0 is positive.
2023-04-03 10:34:27,719 - ERROR - Error! Number 0 is not positive!
2023-04-03 10:34:27,719 - DEBUG - Checking if 0 is positive.
2023-04-03 10:34:27,719 - ERROR - Error! Number 0 is not positive!
2023-04-03 10:34:27,719 - DEBUG - Checking if 0 is positive.
2023-04-03 10:34:27,719 - ERROR - Error! Number 0 is not positive!
2023-04-03 10:34:27,719 - DEBUG - Checking if 0 is positive.
2023-04-03 10:34:27,719 - ERROR - Error! Number 0 is not positive!
2023-04-03 10:34:27,719 - DEBUG - Checking if 0 is positive.
2023-04-03 10:34:27,719 - ERROR - Error! Number 0 is not positive!
2023-04-03 10:34:27,719 - DEBUG - Checking if 0 is positive.
2023-04-03 10:34:27,719 - ERROR - Error! Number 0 is not positive!
2023-04-03 10:34:27,743 - DEBUG - Checking if 0 is positive.
2023-04-03 10:34:27,751 - ERROR - Error! Number 0 is not positive!
2023-04-03 10:34:27,751 - DEBUG - Checking if 0 is positive.
2023-04-03 10:34:27,751 - ERROR - Error! Number 0 is not positive!
2023-04-03 10:34:27,751 - DEBUG - Checking if 0 is positive.
2023-04-03 10:34:27,751 - ERROR - Error! Number 0 is not positive!
2023-04-03 10:34:27,751 - DEBUG - Checking if 0 is positive.
2023-04-03 10:34:27,751 - ERROR - Error! Number 0 is not positive!
2023-04-03 10:34:27,751 - DEBUG - Checking if 0 is positive.
2023-04-03 10:34:27,751 - ERROR - Error! Number 0 is not positive!
2023-04-03 10:34:27,751 - DEBUG - Checking if 0 is positive.
2023-04-03 10:34:27,751 - ERROR - Error! Number 0 is not positive!
2023-04-03 10:34:27,751 - DEBUG - Checking if 0 is positive.
2023-04-03 10:34:27,751 - ERROR - Error! Number 0 is not positive!
2023-04-03 10:34:27,751 - DEBUG - Checking if 0 is positive.
2023-04-03 10:34:27,751 - ERROR - Error! Number 0 is not positive!
2023-04-03 10:34:27,751 - DEBUG - Checking if 0 is positive.
2023-04-03 10:34:27,751 - ERROR - Error! Number 0 is not positive!
